
	Welch Two Sample t-test

data:  train$Sunrise_Sunset_DAY and train$Severity
t = -3179.3, df = 3678781, p-value < 2.2e-16
alternative hypothesis: true difference in means is not equal to 0
95 percent confidence interval:
 -1.469906 -1.468095
sample estimates:
mean of x mean of y 
0.6198492 2.0888500 


	Welch Two Sample t-test

data:  train$Traffic_Signal and train$Severity
t = -5433.4, df = 3429103, p-value < 2.2e-16
alternative hypothesis: true difference in means is not equal to 0
95 percent confidence interval:
 -1.994005 -1.992567
sample estimates:
 mean of x  mean of y 
0.09556363 2.08885004 

                 Df Sum Sq Mean Sq F value Pr(>F)    
train$State      48  25216   525.3    3395 <2e-16 ***
Residuals   1890890 292568     0.2                   
---
Signif. codes:  0 ‘***’ 0.001 ‘**’ 0.01 ‘*’ 0.05 ‘.’ 0.1 ‘ ’ 1
                       Severity
X                   0.148529288
Severity            1.000000000
Start_Lat           0.105132953
Start_Lng           0.103440822
End_Lat             0.105135292
End_Lng             0.103440363
Distance.mi.        0.074554324
Temperature        -0.089319507
Wind_Chill.F.      -0.096891376
Humidity...         0.037541117
Pressure.in.       -0.012231616
Visibility         -0.005943754
Wind_Speed          0.037707352
Accident_duration   0.010261259
Year               -0.263428516
month              -0.070511889
day                -0.006207689
Hour               -0.012359029
minutes            -0.070511889
second             -0.272585362
Wind_Chill          0.037707352
Sunrise_Sunset_DAY -0.014360788

Call:
lm(formula = Severity ~ State + Traffic_Signal + Temperature + 
    Humidity... + Crossing + Visibility + Weather_Condition + 
    1, data = train)

Residuals:
     Min       1Q   Median       3Q      Max 
-1.77336 -0.10264 -0.03270 -0.01444  2.09245 

Coefficients:
                                           Estimate Std. Error t value Pr(>|t|)    
(Intercept)                               2.015e+00  3.749e-02  53.762  < 2e-16 ***
StateAR                                   1.271e-01  5.449e-03  23.316  < 2e-16 ***
StateAZ                                  -1.065e-01  3.963e-03 -26.866  < 2e-16 ***
StateCA                                  -6.280e-02  3.375e-03 -18.607  < 2e-16 ***
StateCO                                   5.155e-01  4.597e-03 112.139  < 2e-16 ***
StateCT                                   1.030e-01  4.325e-03  23.822  < 2e-16 ***
StateDC                                   6.453e-02  5.849e-03  11.032  < 2e-16 ***
StateDE                                   3.038e-01  7.579e-03  40.091  < 2e-16 ***
StateFL                                  -5.123e-02  3.415e-03 -15.003  < 2e-16 ***
StateGA                                   2.427e-01  4.291e-03  56.575  < 2e-16 ***
StateIA                                   1.999e-01  5.850e-03  34.169  < 2e-16 ***
StateID                                   2.092e-02  6.146e-03   3.405 0.000662 ***
StateIL                                   3.823e-01  4.158e-03  91.950  < 2e-16 ***
StateIN                                   2.455e-01  4.725e-03  51.952  < 2e-16 ***
StateKS                                   6.013e-02  6.356e-03   9.460  < 2e-16 ***
StateKY                                   1.296e-01  7.463e-03  17.370  < 2e-16 ***
StateLA                                  -5.805e-02  3.921e-03 -14.805  < 2e-16 ***
StateMA                                   2.817e-01  7.306e-03  38.555  < 2e-16 ***
StateMD                                   1.354e-01  3.895e-03  34.760  < 2e-16 ***
StateME                                  -7.221e-02  1.247e-02  -5.792 6.96e-09 ***
StateMI                                   1.419e-01  4.071e-03  34.866  < 2e-16 ***
StateMN                                  -5.685e-02  3.681e-03 -15.446  < 2e-16 ***
StateMO                                   7.166e-02  4.459e-03  16.071  < 2e-16 ***
StateMS                                   6.049e-02  7.601e-03   7.959 1.73e-15 ***
StateMT                                  -5.542e-02  4.904e-03 -11.299  < 2e-16 ***
StateNC                                   5.893e-03  3.686e-03   1.599 0.109894    
StateND                                  -7.064e-02  1.035e-02  -6.824 8.84e-12 ***
StateNE                                   1.770e-01  9.081e-03  19.489  < 2e-16 ***
StateNH                                  -6.203e-02  9.533e-03  -6.507 7.66e-11 ***
StateNJ                                   7.877e-02  3.950e-03  19.941  < 2e-16 ***
StateNM                                   1.683e-01  1.079e-02  15.598  < 2e-16 ***
StateNV                                   7.347e-02  7.977e-03   9.210  < 2e-16 ***
StateNY                                   6.900e-02  3.640e-03  18.954  < 2e-16 ***
StateOH                                   1.685e-01  4.888e-03  34.469  < 2e-16 ***
StateOK                                   7.147e-02  6.112e-03  11.693  < 2e-16 ***
StateOR                                  -4.274e-02  3.598e-03 -11.877  < 2e-16 ***
StatePA                                   7.375e-02  3.634e-03  20.296  < 2e-16 ***
StateRI                                   1.136e-02  8.861e-03   1.282 0.200003    
StateSC                                  -5.062e-02  3.653e-03 -13.860  < 2e-16 ***
StateSD                                   3.312e-01  3.207e-02  10.328  < 2e-16 ***
StateTN                                  -4.878e-02  3.891e-03 -12.536  < 2e-16 ***
StateTX                                   1.100e-02  3.567e-03   3.085 0.002035 ** 
StateUT                                  -5.876e-02  4.002e-03 -14.683  < 2e-16 ***
StateVA                                   3.386e-02  3.615e-03   9.366  < 2e-16 ***
StateVT                                   1.941e-01  2.780e-02   6.982 2.92e-12 ***
StateWA                                   1.262e-01  4.435e-03  28.461  < 2e-16 ***
StateWI                                   6.761e-01  7.291e-03  92.733  < 2e-16 ***
StateWV                                   1.210e-02  6.407e-03   1.888 0.058961 .  
StateWY                                   4.302e-01  1.566e-02  27.480  < 2e-16 ***
Traffic_SignalTRUE                       -1.209e-02  1.065e-03 -11.350  < 2e-16 ***
Temperature                               2.453e-04  2.039e-05  12.030  < 2e-16 ***
Humidity...                               3.862e-04  1.668e-05  23.153  < 2e-16 ***
CrossingTRUE                             -3.409e-02  1.200e-03 -28.397  < 2e-16 ***
Visibility                                1.129e-03  1.598e-04   7.065 1.61e-12 ***
Weather_ConditionBlowing Dust / Windy     3.898e-02  5.111e-02   0.763 0.445672    
Weather_Conditionother                    8.419e-02  3.888e-02   2.165 0.030355 *  
Weather_ConditionBlowing Snow             3.114e-01  5.122e-02   6.079 1.21e-09 ***
Weather_ConditionClear                    3.881e-01  3.740e-02  10.377  < 2e-16 ***
Weather_ConditionCloudy                   1.077e-02  3.731e-02   0.289 0.772844    
Weather_ConditionCloudy / Windy           1.389e-02  3.768e-02   0.369 0.712315    
Weather_ConditionDrizzle                  8.610e-02  3.907e-02   2.204 0.027525 *  
Weather_ConditionFair                     1.362e-02  3.730e-02   0.365 0.715034    
Weather_ConditionFair / Windy             2.641e-02  3.747e-02   0.705 0.480920    
Weather_ConditionFog                      1.856e-02  3.738e-02   0.496 0.619566    
Weather_ConditionFog / Windy              1.096e-02  4.645e-02   0.236 0.813404    
Weather_ConditionHaze                     2.425e-02  3.738e-02   0.649 0.516443    
Weather_ConditionHaze / Windy             5.301e-02  4.182e-02   1.268 0.204919    
Weather_ConditionHeavy Rain               2.455e-02  3.756e-02   0.654 0.513434    
Weather_ConditionHeavy Rain / Windy      -1.489e-03  4.075e-02  -0.037 0.970847    
Weather_ConditionHeavy Snow               1.457e-01  3.912e-02   3.726 0.000195 ***
Weather_ConditionHeavy Snow / Windy      -2.268e-02  4.802e-02  -0.472 0.636672    
Weather_ConditionHeavy T-Storm            1.680e-02  3.802e-02   0.442 0.658611    
Weather_ConditionHeavy T-Storm / Windy    9.681e-04  4.340e-02   0.022 0.982205    
Weather_ConditionLight Drizzle            4.134e-02  3.773e-02   1.096 0.273270    
Weather_ConditionLight Freezing Drizzle   1.651e-01  4.374e-02   3.775 0.000160 ***
Weather_ConditionLight Freezing Fog       3.017e-01  4.769e-02   6.327 2.49e-10 ***
Weather_ConditionLight Freezing Rain      3.572e-01  4.027e-02   8.870  < 2e-16 ***
Weather_ConditionLight Rain               2.446e-02  3.733e-02   0.655 0.512242    
Weather_ConditionLight Rain / Windy       3.571e-02  3.804e-02   0.939 0.347840    
Weather_ConditionLight Rain with Thunder  1.858e-02  3.778e-02   0.492 0.622971    
Weather_ConditionLight Snow               7.242e-02  3.737e-02   1.938 0.052635 .  
Weather_ConditionLight Snow / Windy       6.930e-03  3.846e-02   0.180 0.857023    
Weather_ConditionMist                     6.094e-02  4.068e-02   1.498 0.134113    
Weather_ConditionMostly Cloudy            1.871e-02  3.731e-02   0.501 0.616059    
Weather_ConditionMostly Cloudy / Windy    1.960e-02  3.770e-02   0.520 0.603166    
Weather_ConditionN/A Precipitation        1.196e-02  3.983e-02   0.300 0.763938    
Weather_ConditionOvercast                 3.829e-01  3.740e-02  10.236  < 2e-16 ***
Weather_ConditionPartly Cloudy            2.545e-02  3.731e-02   0.682 0.495132    
Weather_ConditionPartly Cloudy / Windy    2.491e-02  3.796e-02   0.656 0.511705    
Weather_ConditionPatches of Fog           7.428e-03  4.017e-02   0.185 0.853287    
Weather_ConditionRain                     2.602e-02  3.740e-02   0.696 0.486645    
Weather_ConditionRain / Windy             1.918e-02  3.960e-02   0.484 0.628158    
Weather_ConditionScattered Clouds         3.382e-01  3.777e-02   8.953  < 2e-16 ***
Weather_ConditionShallow Fog             -7.435e-03  4.016e-02  -0.185 0.853125    
Weather_ConditionShowers in the Vicinity  2.097e-02  4.110e-02   0.510 0.609901    
Weather_ConditionSmoke                    6.446e-02  3.769e-02   1.710 0.087242 .  
Weather_ConditionSnow                     8.402e-02  3.783e-02   2.221 0.026350 *  
Weather_ConditionSnow / Windy             1.120e-02  4.331e-02   0.259 0.795877    
Weather_ConditionT-Storm                  3.138e-02  3.770e-02   0.832 0.405269    
Weather_ConditionT-Storm / Windy         -1.125e-02  4.601e-02  -0.244 0.806866    
Weather_ConditionThunder                  1.470e-02  3.773e-02   0.390 0.696820    
Weather_ConditionThunder / Windy         -6.612e-03  4.756e-02  -0.139 0.889434    
Weather_ConditionThunder in the Vicinity  2.277e-02  3.768e-02   0.604 0.545605    
Weather_ConditionWintry Mix              -1.006e-02  3.797e-02  -0.265 0.791070    
---
Signif. codes:  0 ‘***’ 0.001 ‘**’ 0.01 ‘*’ 0.05 ‘.’ 0.1 ‘ ’ 1

Residual standard error: 0.3893 on 1890835 degrees of freedom
Multiple R-squared:  0.09843,	Adjusted R-squared:  0.09838 
F-statistic:  2004 on 103 and 1890835 DF,  p-value: < 2.2e-16

New names:
• `` -> `...49`
[1] "Train Confusion Matrix:"
          Truth
Prediction       0       1
         0 1743264   59467
         1   21143   67064
New names:
• `` -> `...49`
[1] "Test Confusion Matrix:"
# A tibble: 1 × 3
  .metric .estimator .estimate
  <chr>   <chr>          <dbl>
1 spec    binary         0.537
# A tibble: 1 × 3
  .metric .estimator .estimate
  <chr>   <chr>          <dbl>
1 sens    binary         0.990
# A tibble: 1 × 3
  .metric   .estimator .estimate
  <chr>     <chr>          <dbl>
1 precision binary         0.967
# A tibble: 1 × 3
  .metric .estimator .estimate
  <chr>   <chr>          <dbl>
1 recall  binary         0.990
